0 info it worked if it ends with ok
1 verbose cli [ '/usr/local/bin/node', '/usr/local/bin/npm', 'start' ]
2 info using npm@1.4.28
3 info using node@v0.10.40
4 verbose node symlink /usr/local/bin/node
5 verbose run-script [ 'prestart', 'start', 'poststart' ]
6 info prestart audio-visualization-demos@1.0.0
7 info start audio-visualization-demos@1.0.0
8 verbose unsafe-perm in lifecycle true
9 info audio-visualization-demos@1.0.0 Failed to exec start script
10 error audio-visualization-demos@1.0.0 start: `ls ./src/__public__/music > ./src/__public__/tracks.txt; ./node_modules/.bin/webpack-dev-server --content-base ./src/__public__ --inline --hot`
10 error Exit status 8
11 error Failed at the audio-visualization-demos@1.0.0 start script.
11 error This is most likely a problem with the audio-visualization-demos package,
11 error not with npm itself.
11 error Tell the author that this fails on your system:
11 error     ls ./src/__public__/music > ./src/__public__/tracks.txt; ./node_modules/.bin/webpack-dev-server --content-base ./src/__public__ --inline --hot
11 error You can get their info via:
11 error     npm owner ls audio-visualization-demos
11 error There is likely additional logging output above.
12 error System Darwin 14.4.0
13 error command "/usr/local/bin/node" "/usr/local/bin/npm" "start"
14 error cwd /Users/jabher/audio-visualization-demos
15 error node -v v0.10.40
16 error npm -v 1.4.28
17 error code ELIFECYCLE
18 verbose exit [ 1, true ]
